# JRE version: OpenJDK Runtime Environment Microsoft-8035246 (17.0.8+7) (build 17.0.8+7-LTS)
# Java VM: OpenJDK 64-Bit Server VM Microsoft-8035246 (17.0.8+7-LTS, mixed mode, sharing, tiered, compressed oops, compressed class ptrs, g1 gc, windows-amd64)
GC Precious Log:
 CPUs: 4 total, 4 available
 Memory: 16263M
 Large Page Support: Disabled
 NUMA Support: Disabled
 Compressed Oops: Enabled (32-bit)
 Heap Region Size: 1M
 Heap Min Capacity: 8M
 Heap Initial Capacity: 256M
 Heap Max Capacity: 2G
 Pre-touch: Disabled
 Parallel Workers: 4
 Concurrent Workers: 1
 Concurrent Refinement Workers: 4
 Periodic GC: Disabled
Heap:
 garbage-first heap   total 243712K, used 203743K [0x0000000080000000, 0x0000000100000000)
  region size 1024K, 4 young (4096K), 2 survivors (2048K)
 Metaspace       used 108563K, committed 109760K, reserved 557056K
  class space    used 15115K, committed 15680K, reserved 425984K
GC Heap History (20 events):
Event: 59.023 GC heap before
{Heap before GC invocations=71 (full 0):
 garbage-first heap   total 243712K, used 208542K [0x0000000080000000, 0x0000000100000000)
  region size 1024K, 27 young (27648K), 4 survivors (4096K)
 Metaspace       used 107118K, committed 108288K, reserved 557056K
  class space    used 14965K, committed 15488K, reserved 425984K
}
Event: 59.031 GC heap after
{Heap after GC invocations=72 (full 0):
 garbage-first heap   total 243712K, used 189078K [0x0000000080000000, 0x0000000100000000)
  region size 1024K, 4 young (4096K), 4 survivors (4096K)
 Metaspace       used 107118K, committed 108288K, reserved 557056K
  class space    used 14965K, committed 15488K, reserved 425984K
}
Event: 59.417 GC heap before
{Heap before GC invocations=72 (full 0):
 garbage-first heap   total 243712K, used 209558K [0x0000000080000000, 0x0000000100000000)
  region size 1024K, 24 young (24576K), 4 survivors (4096K)
 Metaspace       used 107227K, committed 108416K, reserved 557056K
  class space    used 14966K, committed 15488K, reserved 425984K
}
Event: 59.423 GC heap after
{Heap after GC invocations=73 (full 0):
 garbage-first heap   total 243712K, used 191518K [0x0000000080000000, 0x0000000100000000)
  region size 1024K, 3 young (3072K), 3 survivors (3072K)
 Metaspace       used 107227K, committed 108416K, reserved 557056K
  class space    used 14966K, committed 15488K, reserved 425984K
}
Event: 59.766 GC heap before
{Heap before GC invocations=73 (full 0):
 garbage-first heap   total 243712K, used 209950K [0x0000000080000000, 0x0000000100000000)
  region size 1024K, 21 young (21504K), 3 survivors (3072K)
 Metaspace       used 107315K, committed 108480K, reserved 557056K
  class space    used 14966K, committed 15488K, reserved 425984K
}
Event: 59.770 GC heap after
{Heap after GC invocations=74 (full 0):
 garbage-first heap   total 243712K, used 193225K [0x0000000080000000, 0x0000000100000000)
  region size 1024K, 2 young (2048K), 2 survivors (2048K)
 Metaspace       used 107315K, committed 108480K, reserved 557056K
  class space    used 14966K, committed 15488K, reserved 425984K
}
Event: 60.026 GC heap before
{Heap before GC invocations=74 (full 0):
 garbage-first heap   total 243712K, used 211657K [0x0000000080000000, 0x0000000100000000)
  region size 1024K, 20 young (20480K), 2 survivors (2048K)
 Metaspace       used 107494K, committed 108608K, reserved 557056K
  class space    used 14983K, committed 15488K, reserved 425984K
}
Event: 60.033 GC heap after
{Heap after GC invocations=75 (full 0):
 garbage-first heap   total 243712K, used 195813K [0x0000000080000000, 0x0000000100000000)
  region size 1024K, 3 young (3072K), 3 survivors (3072K)
 Metaspace       used 107494K, committed 108608K, reserved 557056K
  class space    used 14983K, committed 15488K, reserved 425984K
}
Event: 60.401 GC heap before
{Heap before GC invocations=75 (full 0):
 garbage-first heap   total 243712K, used 211173K [0x0000000080000000, 0x0000000100000000)
  region size 1024K, 18 young (18432K), 3 survivors (3072K)
 Metaspace       used 107959K, committed 109184K, reserved 557056K
  class space    used 15058K, committed 15616K, reserved 425984K
}
Event: 60.406 GC heap after
{Heap after GC invocations=76 (full 0):
 garbage-first heap   total 243712K, used 197726K [0x0000000080000000, 0x0000000100000000)
  region size 1024K, 2 young (2048K), 2 survivors (2048K)
 Metaspace       used 107959K, committed 109184K, reserved 557056K
  class space    used 15058K, committed 15616K, reserved 425984K
}
Event: 60.645 GC heap before
{Heap before GC invocations=76 (full 0):
 garbage-first heap   total 243712K, used 211038K [0x0000000080000000, 0x0000000100000000)
  region size 1024K, 16 young (16384K), 2 survivors (2048K)
 Metaspace       used 108080K, committed 109312K, reserved 557056K
  class space    used 15062K, committed 15616K, reserved 425984K
}
Event: 60.649 GC heap after
{Heap after GC invocations=77 (full 0):
 garbage-first heap   total 243712K, used 198522K [0x0000000080000000, 0x0000000100000000)
  region size 1024K, 1 young (1024K), 1 survivors (1024K)
 Metaspace       used 108080K, committed 109312K, reserved 557056K
  class space    used 15062K, committed 15616K, reserved 425984K
}
Event: 60.917 GC heap before
{Heap before GC invocations=77 (full 0):
 garbage-first heap   total 243712K, used 211834K [0x0000000080000000, 0x0000000100000000)
  region size 1024K, 15 young (15360K), 1 survivors (1024K)
 Metaspace       used 108242K, committed 109440K, reserved 557056K
  class space    used 15068K, committed 15616K, reserved 425984K
}
Event: 60.919 GC heap after
{Heap after GC invocations=78 (full 0):
 garbage-first heap   total 243712K, used 199003K [0x0000000080000000, 0x0000000100000000)
  region size 1024K, 2 young (2048K), 2 survivors (2048K)
 Metaspace       used 108242K, committed 109440K, reserved 557056K
  class space    used 15068K, committed 15616K, reserved 425984K
}
Event: 61.096 GC heap before
{Heap before GC invocations=78 (full 0):
 garbage-first heap   total 243712K, used 213339K [0x0000000080000000, 0x0000000100000000)
  region size 1024K, 16 young (16384K), 2 survivors (2048K)
 Metaspace       used 108300K, committed 109504K, reserved 557056K
  class space    used 15069K, committed 15616K, reserved 425984K
}
Event: 61.098 GC heap after
{Heap after GC invocations=79 (full 0):
 garbage-first heap   total 243712K, used 199495K [0x0000000080000000, 0x0000000100000000)
  region size 1024K, 2 young (2048K), 2 survivors (2048K)
 Metaspace       used 108300K, committed 109504K, reserved 557056K
  class space    used 15069K, committed 15616K, reserved 425984K
}
Event: 61.371 GC heap before
{Heap before GC invocations=79 (full 0):
 garbage-first heap   total 243712K, used 213831K [0x0000000080000000, 0x0000000100000000)
  region size 1024K, 16 young (16384K), 2 survivors (2048K)
 Metaspace       used 108555K, committed 109760K, reserved 557056K
  class space    used 15114K, committed 15680K, reserved 425984K
}
Event: 61.376 GC heap after
{Heap after GC invocations=80 (full 0):
 garbage-first heap   total 243712K, used 202686K [0x0000000080000000, 0x0000000100000000)
  region size 1024K, 2 young (2048K), 2 survivors (2048K)
 Metaspace       used 108555K, committed 109760K, reserved 557056K
  class space    used 15114K, committed 15680K, reserved 425984K
}
Event: 61.503 GC heap before
{Heap before GC invocations=80 (full 0):
 garbage-first heap   total 243712K, used 212926K [0x0000000080000000, 0x0000000100000000)
  region size 1024K, 13 young (13312K), 2 survivors (2048K)
 Metaspace       used 108563K, committed 109760K, reserved 557056K
  class space    used 15115K, committed 15680K, reserved 425984K
}
Event: 61.506 GC heap after
{Heap after GC invocations=81 (full 0):
 garbage-first heap   total 243712K, used 203298K [0x0000000080000000, 0x0000000100000000)
  region size 1024K, 1 young (1024K), 1 survivors (1024K)
 Metaspace       used 108563K, committed 109760K, reserved 557056K
  class space    used 15115K, committed 15680K, reserved 425984K
}

