# JRE version: OpenJDK Runtime Environment Microsoft-8035246 (17.0.8+7) (build 17.0.8+7-LTS)
# Java VM: OpenJDK 64-Bit Server VM Microsoft-8035246 (17.0.8+7-LTS, mixed mode, sharing, tiered, compressed oops, compressed class ptrs, g1 gc, windows-amd64)
GC Precious Log:
 CPUs: 4 total, 4 available
 Memory: 16263M
 Large Page Support: Disabled
 NUMA Support: Disabled
 Compressed Oops: Enabled (32-bit)
 Heap Region Size: 1M
 Heap Min Capacity: 8M
 Heap Initial Capacity: 256M
 Heap Max Capacity: 2G
 Pre-touch: Disabled
 Parallel Workers: 4
 Concurrent Workers: 1
 Concurrent Refinement Workers: 4
 Periodic GC: Disabled
Heap:
 garbage-first heap   total 492544K, used 312564K [0x0000000080000000, 0x0000000100000000)
  region size 1024K, 96 young (98304K), 7 survivors (7168K)
 Metaspace       used 111970K, committed 113216K, reserved 557056K
  class space    used 15521K, committed 16128K, reserved 425984K
GC Heap History (20 events):
Event: 26.762 GC heap before
{Heap before GC invocations=33 (full 0):
 garbage-first heap   total 240640K, used 150414K [0x0000000080000000, 0x0000000100000000)
  region size 1024K, 11 young (11264K), 9 survivors (9216K)
 Metaspace       used 98600K, committed 99648K, reserved 557056K
  class space    used 13752K, committed 14272K, reserved 425984K
}
Event: 26.779 GC heap after
{Heap after GC invocations=34 (full 0):
 garbage-first heap   total 240640K, used 149963K [0x0000000080000000, 0x0000000100000000)
  region size 1024K, 1 young (1024K), 1 survivors (1024K)
 Metaspace       used 98600K, committed 99648K, reserved 557056K
  class space    used 13752K, committed 14272K, reserved 425984K
}
Event: 27.249 GC heap before
{Heap before GC invocations=34 (full 0):
 garbage-first heap   total 240640K, used 195019K [0x0000000080000000, 0x0000000100000000)
  region size 1024K, 45 young (46080K), 1 survivors (1024K)
 Metaspace       used 101157K, committed 102272K, reserved 557056K
  class space    used 14107K, committed 14592K, reserved 425984K
}
Event: 27.254 GC heap after
{Heap after GC invocations=35 (full 0):
 garbage-first heap   total 240640K, used 152647K [0x0000000080000000, 0x0000000100000000)
  region size 1024K, 4 young (4096K), 4 survivors (4096K)
 Metaspace       used 101157K, committed 102272K, reserved 557056K
  class space    used 14107K, committed 14592K, reserved 425984K
}
Event: 27.618 GC heap before
{Heap before GC invocations=36 (full 0):
 garbage-first heap   total 285696K, used 193607K [0x0000000080000000, 0x0000000100000000)
  region size 1024K, 44 young (45056K), 4 survivors (4096K)
 Metaspace       used 103208K, committed 104320K, reserved 557056K
  class space    used 14402K, committed 14912K, reserved 425984K
}
Event: 27.624 GC heap after
{Heap after GC invocations=37 (full 0):
 garbage-first heap   total 343040K, used 154677K [0x0000000080000000, 0x0000000100000000)
  region size 1024K, 3 young (3072K), 3 survivors (3072K)
 Metaspace       used 103208K, committed 104320K, reserved 557056K
  class space    used 14402K, committed 14912K, reserved 425984K
}
Event: 27.733 GC heap before
{Heap before GC invocations=37 (full 0):
 garbage-first heap   total 343040K, used 167989K [0x0000000080000000, 0x0000000100000000)
  region size 1024K, 16 young (16384K), 3 survivors (3072K)
 Metaspace       used 103922K, committed 105024K, reserved 557056K
  class space    used 14504K, committed 15040K, reserved 425984K
}
Event: 27.737 GC heap after
{Heap after GC invocations=38 (full 0):
 garbage-first heap   total 343040K, used 153607K [0x0000000080000000, 0x0000000100000000)
  region size 1024K, 2 young (2048K), 2 survivors (2048K)
 Metaspace       used 103922K, committed 105024K, reserved 557056K
  class space    used 14504K, committed 15040K, reserved 425984K
}
Event: 28.336 GC heap before
{Heap before GC invocations=38 (full 0):
 garbage-first heap   total 343040K, used 252935K [0x0000000080000000, 0x0000000100000000)
  region size 1024K, 100 young (102400K), 2 survivors (2048K)
 Metaspace       used 104671K, committed 105792K, reserved 557056K
  class space    used 14593K, committed 15104K, reserved 425984K
}
Event: 28.348 GC heap after
{Heap after GC invocations=39 (full 0):
 garbage-first heap   total 343040K, used 169484K [0x0000000080000000, 0x0000000100000000)
  region size 1024K, 13 young (13312K), 13 survivors (13312K)
 Metaspace       used 104671K, committed 105792K, reserved 557056K
  class space    used 14593K, committed 15104K, reserved 425984K
}
Event: 29.166 GC heap before
{Heap before GC invocations=39 (full 0):
 garbage-first heap   total 343040K, used 264716K [0x0000000080000000, 0x0000000100000000)
  region size 1024K, 103 young (105472K), 13 survivors (13312K)
 Metaspace       used 105919K, committed 107072K, reserved 557056K
  class space    used 14739K, committed 15296K, reserved 425984K
}
Event: 29.185 GC heap after
{Heap after GC invocations=40 (full 0):
 garbage-first heap   total 343040K, used 190209K [0x0000000080000000, 0x0000000100000000)
  region size 1024K, 13 young (13312K), 13 survivors (13312K)
 Metaspace       used 105919K, committed 107072K, reserved 557056K
  class space    used 14739K, committed 15296K, reserved 425984K
}
Event: 29.965 GC heap before
{Heap before GC invocations=40 (full 0):
 garbage-first heap   total 343040K, used 268033K [0x0000000080000000, 0x0000000100000000)
  region size 1024K, 89 young (91136K), 13 survivors (13312K)
 Metaspace       used 110179K, committed 111360K, reserved 557056K
  class space    used 15335K, committed 15872K, reserved 425984K
}
Event: 29.980 GC heap after
{Heap after GC invocations=41 (full 0):
 garbage-first heap   total 343040K, used 200651K [0x0000000080000000, 0x0000000100000000)
  region size 1024K, 9 young (9216K), 9 survivors (9216K)
 Metaspace       used 110179K, committed 111360K, reserved 557056K
  class space    used 15335K, committed 15872K, reserved 425984K
}
Event: 30.659 GC heap before
{Heap before GC invocations=42 (full 0):
 garbage-first heap   total 357376K, used 273355K [0x0000000080000000, 0x0000000100000000)
  region size 1024K, 80 young (81920K), 9 survivors (9216K)
 Metaspace       used 110631K, committed 111872K, reserved 557056K
  class space    used 15358K, committed 15936K, reserved 425984K
}
Event: 30.674 GC heap after
{Heap after GC invocations=43 (full 0):
 garbage-first heap   total 357376K, used 209728K [0x0000000080000000, 0x0000000100000000)
  region size 1024K, 8 young (8192K), 8 survivors (8192K)
 Metaspace       used 110631K, committed 111872K, reserved 557056K
  class space    used 15358K, committed 15936K, reserved 425984K
}
Event: 30.769 GC heap before
{Heap before GC invocations=43 (full 0):
 garbage-first heap   total 357376K, used 218944K [0x0000000080000000, 0x0000000100000000)
  region size 1024K, 17 young (17408K), 8 survivors (8192K)
 Metaspace       used 111108K, committed 112384K, reserved 557056K
  class space    used 15450K, committed 16000K, reserved 425984K
}
Event: 30.779 GC heap after
{Heap after GC invocations=44 (full 0):
 garbage-first heap   total 357376K, used 210315K [0x0000000080000000, 0x0000000100000000)
  region size 1024K, 2 young (2048K), 2 survivors (2048K)
 Metaspace       used 111108K, committed 112384K, reserved 557056K
  class space    used 15450K, committed 16000K, reserved 425984K
}
Event: 31.503 GC heap before
{Heap before GC invocations=44 (full 0):
 garbage-first heap   total 357376K, used 287115K [0x0000000080000000, 0x0000000100000000)
  region size 1024K, 78 young (79872K), 2 survivors (2048K)
 Metaspace       used 111747K, committed 112960K, reserved 557056K
  class space    used 15510K, committed 16064K, reserved 425984K
}
Event: 31.514 GC heap after
{Heap after GC invocations=45 (full 0):
 garbage-first heap   total 492544K, used 215284K [0x0000000080000000, 0x0000000100000000)
  region size 1024K, 7 young (7168K), 7 survivors (7168K)
 Metaspace       used 111747K, committed 112960K, reserved 557056K
  class space    used 15510K, committed 16064K, reserved 425984K
}

