# JRE version: OpenJDK Runtime Environment Microsoft-8035246 (17.0.8+7) (build 17.0.8+7-LTS)
# Java VM: OpenJDK 64-Bit Server VM Microsoft-8035246 (17.0.8+7-LTS, mixed mode, sharing, tiered, compressed oops, compressed class ptrs, g1 gc, windows-amd64)
GC Precious Log:
 CPUs: 4 total, 4 available
 Memory: 16263M
 Large Page Support: Disabled
 NUMA Support: Disabled
 Compressed Oops: Enabled (32-bit)
 Heap Region Size: 1M
 Heap Min Capacity: 8M
 Heap Initial Capacity: 256M
 Heap Max Capacity: 2G
 Pre-touch: Disabled
 Parallel Workers: 4
 Concurrent Workers: 1
 Concurrent Refinement Workers: 4
 Periodic GC: Disabled
Heap:
 garbage-first heap   total 317440K, used 225035K [0x0000000080000000, 0x0000000100000000)
  region size 1024K, 9 young (9216K), 3 survivors (3072K)
 Metaspace       used 109250K, committed 110464K, reserved 557056K
  class space    used 15199K, committed 15744K, reserved 425984K
GC Heap History (20 events):
Event: 17.918 GC heap before
{Heap before GC invocations=27 (full 0):
 garbage-first heap   total 317440K, used 227223K [0x0000000080000000, 0x0000000100000000)
  region size 1024K, 136 young (139264K), 2 survivors (2048K)
 Metaspace       used 82306K, committed 83072K, reserved 557056K
  class space    used 11400K, committed 11776K, reserved 425984K
}
Event: 17.927 GC heap after
{Heap after GC invocations=28 (full 0):
 garbage-first heap   total 317440K, used 93498K [0x0000000080000000, 0x0000000100000000)
  region size 1024K, 11 young (11264K), 11 survivors (11264K)
 Metaspace       used 82306K, committed 83072K, reserved 557056K
  class space    used 11400K, committed 11776K, reserved 425984K
}
Event: 24.619 GC heap before
{Heap before GC invocations=28 (full 0):
 garbage-first heap   total 317440K, used 229690K [0x0000000080000000, 0x0000000100000000)
  region size 1024K, 144 young (147456K), 11 survivors (11264K)
 Metaspace       used 90352K, committed 91136K, reserved 557056K
  class space    used 12697K, committed 13056K, reserved 425984K
}
Event: 24.631 GC heap after
{Heap after GC invocations=29 (full 0):
 garbage-first heap   total 317440K, used 100192K [0x0000000080000000, 0x0000000100000000)
  region size 1024K, 16 young (16384K), 16 survivors (16384K)
 Metaspace       used 90352K, committed 91136K, reserved 557056K
  class space    used 12697K, committed 13056K, reserved 425984K
}
Event: 26.027 GC heap before
{Heap before GC invocations=29 (full 0):
 garbage-first heap   total 317440K, used 245600K [0x0000000080000000, 0x0000000100000000)
  region size 1024K, 150 young (153600K), 16 survivors (16384K)
 Metaspace       used 95356K, committed 96320K, reserved 557056K
  class space    used 13335K, committed 13760K, reserved 425984K
}
Event: 26.050 GC heap after
{Heap after GC invocations=30 (full 0):
 garbage-first heap   total 317440K, used 134144K [0x0000000080000000, 0x0000000100000000)
  region size 1024K, 19 young (19456K), 19 survivors (19456K)
 Metaspace       used 95356K, committed 96320K, reserved 557056K
  class space    used 13335K, committed 13760K, reserved 425984K
}
Event: 27.079 GC heap before
{Heap before GC invocations=30 (full 0):
 garbage-first heap   total 317440K, used 242688K [0x0000000080000000, 0x0000000100000000)
  region size 1024K, 123 young (125952K), 19 survivors (19456K)
 Metaspace       used 99933K, committed 100992K, reserved 557056K
  class space    used 13998K, committed 14464K, reserved 425984K
}
Event: 27.096 GC heap after
{Heap after GC invocations=31 (full 0):
 garbage-first heap   total 317440K, used 149504K [0x0000000080000000, 0x0000000100000000)
  region size 1024K, 12 young (12288K), 12 survivors (12288K)
 Metaspace       used 99933K, committed 100992K, reserved 557056K
  class space    used 13998K, committed 14464K, reserved 425984K
}
Event: 27.684 GC heap before
{Heap before GC invocations=31 (full 0):
 garbage-first heap   total 317440K, used 245760K [0x0000000080000000, 0x0000000100000000)
  region size 1024K, 106 young (108544K), 12 survivors (12288K)
 Metaspace       used 101894K, committed 102912K, reserved 557056K
  class space    used 14261K, committed 14720K, reserved 425984K
}
Event: 27.701 GC heap after
{Heap after GC invocations=32 (full 0):
 garbage-first heap   total 317440K, used 163840K [0x0000000080000000, 0x0000000100000000)
  region size 1024K, 14 young (14336K), 14 survivors (14336K)
 Metaspace       used 101894K, committed 102912K, reserved 557056K
  class space    used 14261K, committed 14720K, reserved 425984K
}
Event: 28.646 GC heap before
{Heap before GC invocations=32 (full 0):
 garbage-first heap   total 317440K, used 250880K [0x0000000080000000, 0x0000000100000000)
  region size 1024K, 98 young (100352K), 14 survivors (14336K)
 Metaspace       used 102576K, committed 103744K, reserved 557056K
  class space    used 14329K, committed 14848K, reserved 425984K
}
Event: 28.666 GC heap after
{Heap after GC invocations=33 (full 0):
 garbage-first heap   total 317440K, used 179712K [0x0000000080000000, 0x0000000100000000)
  region size 1024K, 13 young (13312K), 13 survivors (13312K)
 Metaspace       used 102576K, committed 103744K, reserved 557056K
  class space    used 14329K, committed 14848K, reserved 425984K
}
Event: 29.407 GC heap before
{Heap before GC invocations=33 (full 0):
 garbage-first heap   total 317440K, used 253440K [0x0000000080000000, 0x0000000100000000)
  region size 1024K, 84 young (86016K), 13 survivors (13312K)
 Metaspace       used 106500K, committed 107648K, reserved 557056K
  class space    used 14893K, committed 15424K, reserved 425984K
}
Event: 29.423 GC heap after
{Heap after GC invocations=34 (full 0):
 garbage-first heap   total 317440K, used 191488K [0x0000000080000000, 0x0000000100000000)
  region size 1024K, 9 young (9216K), 9 survivors (9216K)
 Metaspace       used 106500K, committed 107648K, reserved 557056K
  class space    used 14893K, committed 15424K, reserved 425984K
}
Event: 30.062 GC heap before
{Heap before GC invocations=34 (full 0):
 garbage-first heap   total 317440K, used 257024K [0x0000000080000000, 0x0000000100000000)
  region size 1024K, 73 young (74752K), 9 survivors (9216K)
 Metaspace       used 107689K, committed 108992K, reserved 557056K
  class space    used 15016K, committed 15616K, reserved 425984K
}
Event: 30.079 GC heap after
{Heap after GC invocations=35 (full 0):
 garbage-first heap   total 317440K, used 200704K [0x0000000080000000, 0x0000000100000000)
  region size 1024K, 9 young (9216K), 9 survivors (9216K)
 Metaspace       used 107689K, committed 108992K, reserved 557056K
  class space    used 15016K, committed 15616K, reserved 425984K
}
Event: 30.587 GC heap before
{Heap before GC invocations=35 (full 0):
 garbage-first heap   total 317440K, used 261120K [0x0000000080000000, 0x0000000100000000)
  region size 1024K, 68 young (69632K), 9 survivors (9216K)
 Metaspace       used 108529K, committed 109760K, reserved 557056K
  class space    used 15139K, committed 15680K, reserved 425984K
}
Event: 30.603 GC heap after
{Heap after GC invocations=36 (full 0):
 garbage-first heap   total 317440K, used 207872K [0x0000000080000000, 0x0000000100000000)
  region size 1024K, 7 young (7168K), 7 survivors (7168K)
 Metaspace       used 108529K, committed 109760K, reserved 557056K
  class space    used 15139K, committed 15680K, reserved 425984K
}
Event: 31.225 GC heap before
{Heap before GC invocations=36 (full 0):
 garbage-first heap   total 317440K, used 263168K [0x0000000080000000, 0x0000000100000000)
  region size 1024K, 62 young (63488K), 7 survivors (7168K)
 Metaspace       used 109132K, committed 110336K, reserved 557056K
  class space    used 15198K, committed 15744K, reserved 425984K
}
Event: 31.240 GC heap after
{Heap after GC invocations=37 (full 0):
 garbage-first heap   total 317440K, used 213158K [0x0000000080000000, 0x0000000100000000)
  region size 1024K, 6 young (6144K), 6 survivors (6144K)
 Metaspace       used 109132K, committed 110336K, reserved 557056K
  class space    used 15198K, committed 15744K, reserved 425984K
}

