# JRE version: OpenJDK Runtime Environment Microsoft-8035246 (17.0.8+7) (build 17.0.8+7-LTS)
# Java VM: OpenJDK 64-Bit Server VM Microsoft-8035246 (17.0.8+7-LTS, mixed mode, sharing, tiered, compressed oops, compressed class ptrs, g1 gc, windows-amd64)
GC Precious Log:
 CPUs: 4 total, 4 available
 Memory: 16263M
 Large Page Support: Disabled
 NUMA Support: Disabled
 Compressed Oops: Enabled (32-bit)
 Heap Region Size: 1M
 Heap Min Capacity: 8M
 Heap Initial Capacity: 256M
 Heap Max Capacity: 2G
 Pre-touch: Disabled
 Parallel Workers: 4
 Concurrent Workers: 1
 Concurrent Refinement Workers: 4
 Periodic GC: Disabled
Heap:
 garbage-first heap   total 267264K, used 237525K [0x0000000080000000, 0x0000000100000000)
  region size 1024K, 13 young (13312K), 2 survivors (2048K)
 Metaspace       used 109422K, committed 110784K, reserved 557056K
  class space    used 15193K, committed 15808K, reserved 425984K
GC Heap History (20 events):
Event: 36.597 GC heap before
{Heap before GC invocations=67 (full 0):
 garbage-first heap   total 267264K, used 230982K [0x0000000080000000, 0x0000000100000000)
  region size 1024K, 19 young (19456K), 3 survivors (3072K)
 Metaspace       used 109055K, committed 110272K, reserved 557056K
  class space    used 15167K, committed 15744K, reserved 425984K
}
Event: 36.601 GC heap after
{Heap after GC invocations=68 (full 0):
 garbage-first heap   total 267264K, used 216784K [0x0000000080000000, 0x0000000100000000)
  region size 1024K, 1 young (1024K), 1 survivors (1024K)
 Metaspace       used 109055K, committed 110272K, reserved 557056K
  class space    used 15167K, committed 15744K, reserved 425984K
}
Event: 36.775 GC heap before
{Heap before GC invocations=68 (full 0):
 garbage-first heap   total 267264K, used 233168K [0x0000000080000000, 0x0000000100000000)
  region size 1024K, 17 young (17408K), 1 survivors (1024K)
 Metaspace       used 109055K, committed 110272K, reserved 557056K
  class space    used 15167K, committed 15744K, reserved 425984K
}
Event: 36.778 GC heap after
{Heap after GC invocations=69 (full 0):
 garbage-first heap   total 267264K, used 217260K [0x0000000080000000, 0x0000000100000000)
  region size 1024K, 2 young (2048K), 2 survivors (2048K)
 Metaspace       used 109055K, committed 110272K, reserved 557056K
  class space    used 15167K, committed 15744K, reserved 425984K
}
Event: 37.002 GC heap before
{Heap before GC invocations=69 (full 0):
 garbage-first heap   total 267264K, used 233644K [0x0000000080000000, 0x0000000100000000)
  region size 1024K, 18 young (18432K), 2 survivors (2048K)
 Metaspace       used 109055K, committed 110272K, reserved 557056K
  class space    used 15167K, committed 15744K, reserved 425984K
}
Event: 37.005 GC heap after
{Heap after GC invocations=70 (full 0):
 garbage-first heap   total 267264K, used 217875K [0x0000000080000000, 0x0000000100000000)
  region size 1024K, 3 young (3072K), 3 survivors (3072K)
 Metaspace       used 109055K, committed 110272K, reserved 557056K
  class space    used 15167K, committed 15744K, reserved 425984K
}
Event: 37.370 GC heap before
{Heap before GC invocations=70 (full 0):
 garbage-first heap   total 267264K, used 238355K [0x0000000080000000, 0x0000000100000000)
  region size 1024K, 19 young (19456K), 3 survivors (3072K)
 Metaspace       used 109188K, committed 110464K, reserved 557056K
  class space    used 15167K, committed 15744K, reserved 425984K
}
Event: 37.374 GC heap after
{Heap after GC invocations=71 (full 0):
 garbage-first heap   total 267264K, used 220168K [0x0000000080000000, 0x0000000100000000)
  region size 1024K, 3 young (3072K), 3 survivors (3072K)
 Metaspace       used 109188K, committed 110464K, reserved 557056K
  class space    used 15167K, committed 15744K, reserved 425984K
}
Event: 37.521 GC heap before
{Heap before GC invocations=71 (full 0):
 garbage-first heap   total 267264K, used 233480K [0x0000000080000000, 0x0000000100000000)
  region size 1024K, 16 young (16384K), 3 survivors (3072K)
 Metaspace       used 109204K, committed 110464K, reserved 557056K
  class space    used 15167K, committed 15744K, reserved 425984K
}
Event: 37.525 GC heap after
{Heap after GC invocations=72 (full 0):
 garbage-first heap   total 267264K, used 221247K [0x0000000080000000, 0x0000000100000000)
  region size 1024K, 1 young (1024K), 1 survivors (1024K)
 Metaspace       used 109204K, committed 110464K, reserved 557056K
  class space    used 15167K, committed 15744K, reserved 425984K
}
Event: 37.737 GC heap before
{Heap before GC invocations=72 (full 0):
 garbage-first heap   total 267264K, used 234559K [0x0000000080000000, 0x0000000100000000)
  region size 1024K, 14 young (14336K), 1 survivors (1024K)
 Metaspace       used 109211K, committed 110464K, reserved 557056K
  class space    used 15167K, committed 15744K, reserved 425984K
}
Event: 37.740 GC heap after
{Heap after GC invocations=73 (full 0):
 garbage-first heap   total 267264K, used 221953K [0x0000000080000000, 0x0000000100000000)
  region size 1024K, 2 young (2048K), 2 survivors (2048K)
 Metaspace       used 109211K, committed 110464K, reserved 557056K
  class space    used 15167K, committed 15744K, reserved 425984K
}
Event: 37.937 GC heap before
{Heap before GC invocations=73 (full 0):
 garbage-first heap   total 267264K, used 237313K [0x0000000080000000, 0x0000000100000000)
  region size 1024K, 14 young (14336K), 2 survivors (2048K)
 Metaspace       used 109303K, committed 110592K, reserved 557056K
  class space    used 15177K, committed 15744K, reserved 425984K
}
Event: 37.941 GC heap after
{Heap after GC invocations=74 (full 0):
 garbage-first heap   total 267264K, used 223449K [0x0000000080000000, 0x0000000100000000)
  region size 1024K, 2 young (2048K), 2 survivors (2048K)
 Metaspace       used 109303K, committed 110592K, reserved 557056K
  class space    used 15177K, committed 15744K, reserved 425984K
}
Event: 38.091 GC heap before
{Heap before GC invocations=74 (full 0):
 garbage-first heap   total 267264K, used 233689K [0x0000000080000000, 0x0000000100000000)
  region size 1024K, 13 young (13312K), 2 survivors (2048K)
 Metaspace       used 109358K, committed 110720K, reserved 557056K
  class space    used 15186K, committed 15808K, reserved 425984K
}
Event: 38.094 GC heap after
{Heap after GC invocations=75 (full 0):
 garbage-first heap   total 267264K, used 224532K [0x0000000080000000, 0x0000000100000000)
  region size 1024K, 1 young (1024K), 1 survivors (1024K)
 Metaspace       used 109358K, committed 110720K, reserved 557056K
  class space    used 15186K, committed 15808K, reserved 425984K
}
Event: 38.309 GC heap before
{Heap before GC invocations=75 (full 0):
 garbage-first heap   total 267264K, used 239892K [0x0000000080000000, 0x0000000100000000)
  region size 1024K, 13 young (13312K), 1 survivors (1024K)
 Metaspace       used 109400K, committed 110720K, reserved 557056K
  class space    used 15193K, committed 15808K, reserved 425984K
}
Event: 38.312 GC heap after
{Heap after GC invocations=76 (full 0):
 garbage-first heap   total 267264K, used 225372K [0x0000000080000000, 0x0000000100000000)
  region size 1024K, 2 young (2048K), 2 survivors (2048K)
 Metaspace       used 109400K, committed 110720K, reserved 557056K
  class space    used 15193K, committed 15808K, reserved 425984K
}
Event: 38.392 GC heap before
{Heap before GC invocations=76 (full 0):
 garbage-first heap   total 267264K, used 239708K [0x0000000080000000, 0x0000000100000000)
  region size 1024K, 13 young (13312K), 2 survivors (2048K)
 Metaspace       used 109407K, committed 110720K, reserved 557056K
  class space    used 15193K, committed 15808K, reserved 425984K
}
Event: 38.395 GC heap after
{Heap after GC invocations=77 (full 0):
 garbage-first heap   total 267264K, used 228309K [0x0000000080000000, 0x0000000100000000)
  region size 1024K, 2 young (2048K), 2 survivors (2048K)
 Metaspace       used 109407K, committed 110720K, reserved 557056K
  class space    used 15193K, committed 15808K, reserved 425984K
}

